[10/Jul/2018 00:11:12] "POST /wx?signature=42c5a3f3a0f2d1f0bde0db170449b70084d13384&timestamp=1531181472&nonce=1055195686&openid=oshwjxHaqhVJUMpL-zlWu4WgPhsI HTTP/1.0" 200 669
[10/Jul/2018 00:11:21] "POST /wx?signature=553a97e3d95633b921c1bb079194c17b00ac6630&timestamp=1531181481&nonce=1067665173&openid=oshwjxHaqhVJUMpL-zlWu4WgPhsI HTTP/1.0" 200 669
[10/Jul/2018 00:11:48] "POST /wx?signature=6b9f683b1dfc3bb1b901b9fe1a4caa62d6c51168&timestamp=1531181508&nonce=94423868&openid=oshwjxItxcdIQ9kYNKvg73ngDp7Q HTTP/1.0" 200 291
[10/Jul/2018 00:11:56] "POST /wx?signature=92d570d44e68d5707ccff41f62841a3ff9a09dcf&timestamp=1531181516&nonce=1653072004&openid=oshwjxItxcdIQ9kYNKvg73ngDp7Q HTTP/1.0" 200 669
[10/Jul/2018 00:12:29] "POST /wx?signature=25435b436a88e1efcd1dabcf0582d281f0c10adb&timestamp=1531181549&nonce=1944375204&openid=oshwjxItxcdIQ9kYNKvg73ngDp7Q HTTP/1.0" 200 470
[10/Jul/2018 00:12:57] "POST /wx?signature=95a80fd5952c07589152fb611f7c69e665f8d952&timestamp=1531181577&nonce=741678015&openid=oshwjxHaqhVJUMpL-zlWu4WgPhsI HTTP/1.0" 200 470
[10/Jul/2018 00:13:04] "POST /wx?signature=945bdd4ce5dde6ddad0178eb01a0a01b9ba9c0c3&timestamp=1531181584&nonce=449944357&openid=oshwjxHaqhVJUMpL-zlWu4WgPhsI HTTP/1.0" 200 475
[10/Jul/2018 00:13:18] "POST /wx?signature=6bc4ee8b0516368492574b7b01d802be9ca847ad&timestamp=1531181598&nonce=337923471&openid=oshwjxHaqhVJUMpL-zlWu4WgPhsI HTTP/1.0" 200 463
[10/Jul/2018 00:13:50] "POST /wx?signature=9e1b8d65dfb58044f44b994b60991ee38c107222&timestamp=1531181630&nonce=430315162&openid=oshwjxHaqhVJUMpL-zlWu4WgPhsI HTTP/1.0" 200 466
[10/Jul/2018 00:15:47] "POST /wx?signature=23c96b3ece95c6df632a4d93ddae3883598d912a&timestamp=1531181747&nonce=532720025&openid=oshwjxHaqhVJUMpL-zlWu4WgPhsI HTTP/1.0" 200 8948
[10/Jul/2018 00:15:53] "POST /wx?signature=4b8dba594b349970e0cb5c571b3a0ce980c6eea5&timestamp=1531181753&nonce=155705195&openid=oshwjxHaqhVJUMpL-zlWu4WgPhsI HTTP/1.0" 200 669
[10/Jul/2018 00:16:00] "POST /wx?signature=da075dc62927b4b3fb12d67a8fb0470492f2a40d&timestamp=1531181760&nonce=327078195&openid=oshwjxHaqhVJUMpL-zlWu4WgPhsI HTTP/1.0" 200 1799
[10/Jul/2018 00:16:24] "POST /wx?signature=5086ec5f738239786a9775574e1b5b49ec002880&timestamp=1531181784&nonce=2011833135&openid=oshwjxHaqhVJUMpL-zlWu4WgPhsI HTTP/1.0" 200 283
[10/Jul/2018 00:16:31] "POST /wx?signature=c449a5c853544f67050ba0abf5fdf44dde4eb83b&timestamp=1531181791&nonce=1417253802&openid=oshwjxHaqhVJUMpL-zlWu4WgPhsI HTTP/1.0" 200 8948
[10/Jul/2018 00:24:52] "POST /wx?signature=cab45c3cb06a1cc98aca22318c7103a80a2f321a&timestamp=1531182292&nonce=1158310718&openid=oshwjxHaqhVJUMpL-zlWu4WgPhsI HTTP/1.0" 200 283
[10/Jul/2018 00:25:03] "POST /wx?signature=8bd260caf859ba1beb5fadf97cc692f9a89435f2&timestamp=1531182303&nonce=1282200034&openid=oshwjxHaqhVJUMpL-zlWu4WgPhsI HTTP/1.0" 200 461
[10/Jul/2018 00:25:10] "POST /wx?signature=6b8b0399fd517e54af2f89a7b99910ed0e21e55d&timestamp=1531182310&nonce=70614491&openid=oshwjxHaqhVJUMpL-zlWu4WgPhsI HTTP/1.0" 200 663
[10/Jul/2018 00:35:43] "POST /wx?signature=9db8150e2b378dc0c356566f86bbbcb746aa4215&timestamp=1531182943&nonce=1775910655&openid=oshwjxHaqhVJUMpL-zlWu4WgPhsI HTTP/1.0" 200 463
[10/Jul/2018 00:59:00] "POST /wx?signature=9765527bfd03ef72efd625d7197b5a5105e30939&timestamp=1531184340&nonce=721291274&openid=oshwjxHaqhVJUMpL-zlWu4WgPhsI HTTP/1.0" 200 469
[10/Jul/2018 01:11:29] "POST /wx?signature=92587fd5e3422999d15ac6f3706caccde327936d&timestamp=1531185089&nonce=1486966767&openid=oshwjxHaqhVJUMpL-zlWu4WgPhsI HTTP/1.0" 200 475
[10/Jul/2018 01:11:44] "POST /wx?signature=14389de6801259f77f0ae480b0565c3015c261ba&timestamp=1531185104&nonce=2011578373&openid=oshwjxHaqhVJUMpL-zlWu4WgPhsI HTTP/1.0" 200 663
[10/Jul/2018 01:16:12] "POST /wx?signature=5691e26aee9695b9bb12b1ca6d8ade9f0856e8dc&timestamp=1531185372&nonce=1190135865&openid=oshwjxHaqhVJUMpL-zlWu4WgPhsI HTTP/1.0" 200 870
Performing system checks...

System check identified no issues (0 silenced).
July 10, 2018 - 00:11:06
Django version 2.0.7, using settings 'wechatsite.settings'
Starting development server at http://127.0.0.1:8000/
Quit the server with CONTROL-C.
@@@@@@@@@@@@@@@@@@@@@
@@@@@@@@@@@@@@@@@@@@@
@@@@@@@@@@@@@@@@@@@@@
@@@@@@@@@@@@@@@@@@@@@
@@@@@@@@@@@@@@@@@@@@@
@@@@@@@@@@@@@@@@@@@@@
@@@@@@@@@@@@@@@@@@@@@
@@@@@@@@@@@@@@@@@@@@@
@@@@@@@@@@@@@@@@@@@@@
@@@@@@@@@@@@@@@@@@@@@
@@@@@@@@@@@@@@@@@@@@@
@@@@@@@@@@@@@@@@@@@@@
@@@@@@@@@@@@@@@@@@@@@
@@@@@@@@@@@@@@@@@@@@@
@@@@@@@@@@@@@@@@@@@@@
@@@@@@@@@@@@@@@@@@@@@
@@@@@@@@@@@@@@@@@@@@@
@@@@@@@@@@@@@@@@@@@@@
@@@@@@@@@@@@@@@@@@@@@
@@@@@@@@@@@@@@@@@@@@@
@@@@@@@@@@@@@@@@@@@@@
Performing system checks...

System check identified no issues (0 silenced).
July 10, 2018 - 01:37:21
Django version 2.0.7, using settings 'wechatsite.settings'
Starting development server at http://127.0.0.1:8000/
Quit the server with CONTROL-C.
Performing system checks...

System check identified no issues (0 silenced).
July 10, 2018 - 01:37:46
Django version 2.0.7, using settings 'wechatsite.settings'
Starting development server at http://127.0.0.1:8000/
Quit the server with CONTROL-C.
Performing system checks...

System check identified no issues (0 silenced).
July 10, 2018 - 01:38:53
Django version 2.0.7, using settings 'wechatsite.settings'
Starting development server at http://127.0.0.1:8000/
Quit the server with CONTROL-C.
Performing system checks...

System check identified no issues (0 silenced).
July 10, 2018 - 01:40:47
Django version 2.0.7, using settings 'wechatsite.settings'
Starting development server at http://127.0.0.1:8000/
Quit the server with CONTROL-C.
Performing system checks...

System check identified no issues (0 silenced).
July 10, 2018 - 01:41:38
Django version 2.0.7, using settings 'wechatsite.settings'
Starting development server at http://127.0.0.1:8000/
Quit the server with CONTROL-C.
Performing system checks...

System check identified no issues (0 silenced).
July 10, 2018 - 01:43:11
Django version 2.0.7, using settings 'wechatsite.settings'
Starting development server at http://127.0.0.1:8000/
Quit the server with CONTROL-C.
Performing system checks...

System check identified no issues (0 silenced).
July 10, 2018 - 01:43:43
Django version 2.0.7, using settings 'wechatsite.settings'
Starting development server at http://127.0.0.1:8000/
Quit the server with CONTROL-C.
Performing system checks...

System check identified no issues (0 silenced).
July 10, 2018 - 01:44:21
Django version 2.0.7, using settings 'wechatsite.settings'
Starting development server at http://127.0.0.1:8000/
Quit the server with CONTROL-C.
Performing system checks...

System check identified no issues (0 silenced).
July 10, 2018 - 01:50:04
Django version 2.0.7, using settings 'wechatsite.settings'
Starting development server at http://127.0.0.1:8000/
Quit the server with CONTROL-C.
Performing system checks...

System check identified no issues (0 silenced).
July 10, 2018 - 01:53:54
Django version 2.0.7, using settings 'wechatsite.settings'
Starting development server at http://127.0.0.1:8000/
Quit the server with CONTROL-C.
